C:\USERS\BAHRAM\DOCUMENTS\SCHOOL WORK\SOPH\CPP\HW8\DEBUG\BREAKOUT.EXE
C:\USERS\BAHRAM\DOCUMENTS\SCHOOL WORK\SOPH\CPP\HW8\DEBUG\BREAKOUT.ILK
C:\USERS\BAHRAM\DOCUMENTS\SCHOOL WORK\SOPH\CPP\HW8\DEBUG\BREAKOUT.PDB
C:\USERS\BAHRAM\DOCUMENTS\SCHOOL WORK\SOPH\CPP\HW8\DEBUG\MOC_BREAKOUT.CPP
C:\USERS\BAHRAM\DOCUMENTS\SCHOOL WORK\SOPH\CPP\HW8\DEBUG\MOC_BREAKOUT_CANVAS.CPP
C:\USERS\BAHRAM\DOCUMENTS\SCHOOL WORK\SOPH\CPP\HW8\WIN32\DEBUG\BREAKOUT.EXE.INTERMEDIATE.MANIFEST
C:\USERS\BAHRAM\DOCUMENTS\SCHOOL WORK\SOPH\CPP\HW8\WIN32\DEBUG\BREAKOUT.OBJ
C:\Users\Bahram\Documents\School Work\Soph\CPP\hw8\Win32\Debug\breakout.write.1.tlog
C:\USERS\BAHRAM\DOCUMENTS\SCHOOL WORK\SOPH\CPP\HW8\WIN32\DEBUG\BREAKOUT_CANVAS.OBJ
C:\Users\Bahram\Documents\School Work\Soph\CPP\hw8\Win32\Debug\cl.command.1.tlog
C:\Users\Bahram\Documents\School Work\Soph\CPP\hw8\Win32\Debug\CL.read.1.tlog
C:\Users\Bahram\Documents\School Work\Soph\CPP\hw8\Win32\Debug\CL.write.1.tlog
C:\Users\Bahram\Documents\School Work\Soph\CPP\hw8\Win32\Debug\custombuild.command.1.tlog
C:\Users\Bahram\Documents\School Work\Soph\CPP\hw8\Win32\Debug\custombuild.read.1.tlog
C:\Users\Bahram\Documents\School Work\Soph\CPP\hw8\Win32\Debug\custombuild.write.1.tlog
C:\Users\Bahram\Documents\School Work\Soph\CPP\hw8\Win32\Debug\link.command.1.tlog
C:\Users\Bahram\Documents\School Work\Soph\CPP\hw8\Win32\Debug\link.read.1.tlog
C:\Users\Bahram\Documents\School Work\Soph\CPP\hw8\Win32\Debug\link.write.1.tlog
C:\USERS\BAHRAM\DOCUMENTS\SCHOOL WORK\SOPH\CPP\HW8\WIN32\DEBUG\MAIN.OBJ
C:\USERS\BAHRAM\DOCUMENTS\SCHOOL WORK\SOPH\CPP\HW8\WIN32\DEBUG\MOC_BREAKOUT.OBJ
C:\USERS\BAHRAM\DOCUMENTS\SCHOOL WORK\SOPH\CPP\HW8\WIN32\DEBUG\MOC_BREAKOUT_CANVAS.OBJ
C:\Users\Bahram\Documents\School Work\Soph\CPP\hw8\Win32\Debug\mt.command.1.tlog
C:\Users\Bahram\Documents\School Work\Soph\CPP\hw8\Win32\Debug\mt.read.1.tlog
C:\Users\Bahram\Documents\School Work\Soph\CPP\hw8\Win32\Debug\mt.write.1.tlog
C:\USERS\BAHRAM\DOCUMENTS\SCHOOL WORK\SOPH\CPP\HW8\WIN32\DEBUG\VC100.PDB
debug\breakout.ilk
debug\breakout.pdb
