Build started 11/17/2012 2:36:51 PM.
     1>Project "C:\Users\Bahram\Documents\School Work\Soph\CPP\hw8\breakout.vcxproj" on node 2 (build target(s)).
     1>C:\Program Files (x86)\MSBuild\Microsoft.Cpp\v4.0\Microsoft.CppBuild.targets(298,5): warning MSB8004: Intermediate Directory does not end with a trailing slash.  This build instance will add the slash as it is required to allow proper evaluation of the Intermediate Directory.
     1>InitializeBuildStatus:
         Creating "Win32\Debug\breakout.unsuccessfulbuild" because "AlwaysCreate" was specified.
       CustomBuild:
         All outputs are up-to-date.
       ClCompile:
         C:\Program Files (x86)\Microsoft Visual Studio 10.0\VC\bin\CL.exe /c /IC:\Qt\4.8.3\include\QtCore /IC:\Qt\4.8.3\include\QtGui /IC:\Qt\4.8.3\include /I. /IC:\Qt\4.8.3\include\ActiveQt /Idebug /IC:\Qt\4.8.3\mkspecs\default /Zi /nologo /W3 /WX- /Od /Oy- /D _WINDOWS /D UNICODE /D WIN32 /D QT_LARGEFILE_SUPPORT /D QT_DLL /D QT_GUI_LIB /D QT_CORE_LIB /D QT_HAVE_MMX /D QT_HAVE_3DNOW /D QT_HAVE_SSE /D QT_HAVE_MMXEXT /D QT_HAVE_SSE2 /D QT_THREAD_SUPPORT /Gm- /EHsc /MDd /GS- /fp:precise /Zc:wchar_t- /Zc:forScope /GR /Fo"Win32\Debug\\" /Fd"Win32\Debug\vc100.pdb" /Gd /TP /analyze- /errorReport:prompt breakout_canvas.cpp -Zm200 -w34100 -w34189 
         breakout_canvas.cpp
       Link:
         C:\Program Files (x86)\Microsoft Visual Studio 10.0\VC\bin\link.exe /ERRORREPORT:PROMPT /OUT:"debug\\breakout.exe" /NOLOGO /LIBPATH:C:\Qt\4.8.3\lib /LIBPATH:C:\Qt\4.8.3\lib C:\Qt\4.8.3\lib\qtmaind.lib C:\Qt\4.8.3\lib\QtGuid4.lib C:\Qt\4.8.3\lib\QtCored4.lib kernel32.lib user32.lib gdi32.lib winspool.lib comdlg32.lib advapi32.lib shell32.lib ole32.lib oleaut32.lib uuid.lib odbc32.lib odbccp32.lib /MANIFEST /ManifestFile:"Win32\Debug\breakout.exe.intermediate.manifest" /MANIFESTUAC:"level='asInvoker' uiAccess='false'" /DEBUG /PDB:"C:\Users\Bahram\Documents\School Work\Soph\CPP\hw8\debug\breakout.pdb" /SUBSYSTEM:WINDOWS /TLBID:1 /DYNAMICBASE /NXCOMPAT /MACHINE:X86 Win32\Debug\breakout.obj
         Win32\Debug\breakout_canvas.obj
         Win32\Debug\moc_breakout.obj
         Win32\Debug\moc_breakout_canvas.obj
         Win32\Debug\main.obj "/MANIFESTDEPENDENCY:type='win32' name='Microsoft.Windows.Common-Controls' version='6.0.0.0' publicKeyToken='6595b64144ccf1df' language='*' processorArchitecture='*'" 
         LINK : debug\\breakout.exe not found or not built by the last incremental link; performing full link
         breakout.vcxproj -> C:\Users\Bahram\Documents\School Work\Soph\CPP\hw8\debug\breakout.exe
       Manifest:
         C:\Program Files (x86)\Microsoft SDKs\Windows\v7.0A\bin\mt.exe /nologo /verbose /outputresource:"debug\\breakout.exe;#1" /manifest Win32\Debug\breakout.exe.intermediate.manifest
       FinalizeBuildStatus:
         Deleting file "Win32\Debug\breakout.unsuccessfulbuild".
         Touching "Win32\Debug\breakout.lastbuildstate".
     1>Done Building Project "C:\Users\Bahram\Documents\School Work\Soph\CPP\hw8\breakout.vcxproj" (build target(s)).

Build succeeded.

Time Elapsed 00:00:02.59
