C:\USERS\BAHRAM\DOCUMENTS\SCHOOL WORK\SOPH\CPP\PONG EXAMPLE\PONG\DEBUG\MOC_PONG.CPP
C:\USERS\BAHRAM\DOCUMENTS\SCHOOL WORK\SOPH\CPP\PONG EXAMPLE\PONG\DEBUG\MOC_PONG_CANVAS.CPP
C:\USERS\BAHRAM\DOCUMENTS\SCHOOL WORK\SOPH\CPP\PONG EXAMPLE\PONG\DEBUG\PONG.EXE
C:\USERS\BAHRAM\DOCUMENTS\SCHOOL WORK\SOPH\CPP\PONG EXAMPLE\PONG\DEBUG\PONG.ILK
C:\USERS\BAHRAM\DOCUMENTS\SCHOOL WORK\SOPH\CPP\PONG EXAMPLE\PONG\DEBUG\PONG.PDB
C:\Users\Bahram\Documents\School Work\Soph\CPP\Pong Example\pong\Win32\Debug\cl.command.1.tlog
C:\Users\Bahram\Documents\School Work\Soph\CPP\Pong Example\pong\Win32\Debug\CL.read.1.tlog
C:\Users\Bahram\Documents\School Work\Soph\CPP\Pong Example\pong\Win32\Debug\CL.write.1.tlog
C:\Users\Bahram\Documents\School Work\Soph\CPP\Pong Example\pong\Win32\Debug\custombuild.command.1.tlog
C:\Users\Bahram\Documents\School Work\Soph\CPP\Pong Example\pong\Win32\Debug\custombuild.read.1.tlog
C:\Users\Bahram\Documents\School Work\Soph\CPP\Pong Example\pong\Win32\Debug\custombuild.write.1.tlog
C:\Users\Bahram\Documents\School Work\Soph\CPP\Pong Example\pong\Win32\Debug\link.command.1.tlog
C:\Users\Bahram\Documents\School Work\Soph\CPP\Pong Example\pong\Win32\Debug\link.read.1.tlog
C:\Users\Bahram\Documents\School Work\Soph\CPP\Pong Example\pong\Win32\Debug\link.write.1.tlog
C:\USERS\BAHRAM\DOCUMENTS\SCHOOL WORK\SOPH\CPP\PONG EXAMPLE\PONG\WIN32\DEBUG\MAIN.OBJ
C:\USERS\BAHRAM\DOCUMENTS\SCHOOL WORK\SOPH\CPP\PONG EXAMPLE\PONG\WIN32\DEBUG\MOC_PONG.OBJ
C:\USERS\BAHRAM\DOCUMENTS\SCHOOL WORK\SOPH\CPP\PONG EXAMPLE\PONG\WIN32\DEBUG\MOC_PONG_CANVAS.OBJ
C:\Users\Bahram\Documents\School Work\Soph\CPP\Pong Example\pong\Win32\Debug\mt.command.1.tlog
C:\Users\Bahram\Documents\School Work\Soph\CPP\Pong Example\pong\Win32\Debug\mt.read.1.tlog
C:\Users\Bahram\Documents\School Work\Soph\CPP\Pong Example\pong\Win32\Debug\mt.write.1.tlog
C:\USERS\BAHRAM\DOCUMENTS\SCHOOL WORK\SOPH\CPP\PONG EXAMPLE\PONG\WIN32\DEBUG\PONG.EXE.INTERMEDIATE.MANIFEST
C:\USERS\BAHRAM\DOCUMENTS\SCHOOL WORK\SOPH\CPP\PONG EXAMPLE\PONG\WIN32\DEBUG\PONG.OBJ
C:\Users\Bahram\Documents\School Work\Soph\CPP\Pong Example\pong\Win32\Debug\pong.vcxprojResolveAssemblyReference.cache
C:\Users\Bahram\Documents\School Work\Soph\CPP\Pong Example\pong\Win32\Debug\pong.write.1.tlog
C:\USERS\BAHRAM\DOCUMENTS\SCHOOL WORK\SOPH\CPP\PONG EXAMPLE\PONG\WIN32\DEBUG\PONG_CANVAS.OBJ
C:\USERS\BAHRAM\DOCUMENTS\SCHOOL WORK\SOPH\CPP\PONG EXAMPLE\PONG\WIN32\DEBUG\VC100.PDB
debug\pong.ilk
debug\pong.pdb
